<?xml version="1.0" encoding="UTF-8"?>
<!-- Generated by org.testng.reporters.JUnitReportReporter -->
<testsuite hostname="EG-37Z4ML3" failures="0" tests="1" name="tests.SearchItemTest" time="0.000" errors="0" timestamp="2022-08-24T14:18:37 EET" skipped="1">
  <testcase classname="tests.SearchItemTest" name="seachForItems" time="0.000">
    <skipped/>
  </testcase> <!-- seachForItems -->
  <system-out/>
</testsuite> <!-- tests.SearchItemTest -->
