<?xml version="1.0" encoding="UTF-8"?>
<!-- Generated by org.testng.reporters.JUnitReportReporter -->
<testsuite hostname="EG-37Z4ML3" failures="0" tests="4" name="tests.MyAccountTest" time="0.000" errors="0" timestamp="2022-08-24T14:18:37 EET" skipped="4">
  <testcase classname="tests.MyAccountTest" name="UserCanRegisterSuccssfully" time="0.000">
    <skipped/>
  </testcase> <!-- UserCanRegisterSuccssfully -->
  <system-out/>
  <testcase classname="tests.MyAccountTest" name="RegisteredUserCanChangePassword" time="0.000">
    <skipped/>
  </testcase> <!-- RegisteredUserCanChangePassword -->
  <system-out/>
  <testcase classname="tests.MyAccountTest" name="RegisteredUserCanLogout" time="0.000">
    <skipped/>
  </testcase> <!-- RegisteredUserCanLogout -->
  <system-out/>
  <testcase classname="tests.MyAccountTest" name="RegisteredUserCanLogin" time="0.000">
    <skipped/>
  </testcase> <!-- RegisteredUserCanLogin -->
  <system-out/>
</testsuite> <!-- tests.MyAccountTest -->
