<?xml version="1.0" encoding="UTF-8"?>
<!-- Generated by org.testng.reporters.JUnitReportReporter -->
<testsuite hostname="EG-37Z4ML3" failures="0" tests="3" name="tests.RegistratinTest" time="0.000" errors="0" timestamp="2022-08-24T14:18:37 EET" skipped="3">
  <testcase classname="tests.RegistratinTest" name="registrationUserLogout" time="0.000">
    <skipped/>
  </testcase> <!-- registrationUserLogout -->
  <system-out/>
  <testcase classname="tests.RegistratinTest" name="registrationUserLogin" time="0.000">
    <skipped/>
  </testcase> <!-- registrationUserLogin -->
  <system-out/>
  <testcase classname="tests.RegistratinTest" name="registrationSuccess" time="0.000">
    <skipped/>
  </testcase> <!-- registrationSuccess -->
  <system-out/>
</testsuite> <!-- tests.RegistratinTest -->
