<?xml version="1.0" encoding="UTF-8"?>
<!-- Generated by org.testng.reporters.JUnitReportReporter -->
<testsuite hostname="EG-37Z4ML3" failures="0" tests="4" name="tests.EmailProductToFriendTest" time="0.000" errors="0" timestamp="2022-08-24T14:18:37 EET" skipped="4">
  <testcase classname="tests.EmailProductToFriendTest" name="UserCanRegisterSuccssfully" time="0.000">
    <skipped/>
  </testcase> <!-- UserCanRegisterSuccssfully -->
  <system-out/>
  <testcase classname="tests.EmailProductToFriendTest" name="seachForItemsWithAutoComplete" time="0.000">
    <skipped/>
  </testcase> <!-- seachForItemsWithAutoComplete -->
  <system-out/>
  <testcase classname="tests.EmailProductToFriendTest" name="userCanEmailProductToFriend" time="0.000">
    <skipped/>
  </testcase> <!-- userCanEmailProductToFriend -->
  <system-out/>
  <testcase classname="tests.EmailProductToFriendTest" name="registrationUserLogout" time="0.000">
    <skipped/>
  </testcase> <!-- registrationUserLogout -->
  <system-out/>
</testsuite> <!-- tests.EmailProductToFriendTest -->
